****                   ADMIXTURE Version 1.21                   *****
****                    Copyright 2008-2011                     *****
****          David Alexander, John  Novembre, Ken Lange        *****
****                   Please cite our paper!                   *****
****   Information at www.genetics.ucla.edu/software/admixture  *****

Cross-validation will be performed.  Folds=5.
Random seed: 43
Point estimation method: Block relaxation algorithm
Convergence acceleration algorithm: QuasiNewton, 3 secant conditions
Point estimation will terminate when objective function delta < 0.0001
Estimation of standard errors disabled; will compute point estimates only.
Size of G: 2504x19998
Performing five EM steps to prime main algorithm
1 (EM) 	Elapsed: 2.757	Loglikelihood: -4.51084e+07	(delta): 3.55804e+07
2 (EM) 	Elapsed: 2.756	Loglikelihood: -4.3768e+07	(delta): 1.34046e+06
3 (EM) 	Elapsed: 2.757	Loglikelihood: -4.33905e+07	(delta): 377481
4 (EM) 	Elapsed: 2.756	Loglikelihood: -4.3177e+07	(delta): 213485
5 (EM) 	Elapsed: 2.757	Loglikelihood: -4.30394e+07	(delta): 137639
Initial loglikelihood: -4.30394e+07
Starting main algorithm
1 (QN/Block) 	Elapsed: 7.11	Loglikelihood: -4.13759e+07	(delta): 1.66348e+06
2 (QN/Block) 	Elapsed: 7.105	Loglikelihood: -4.04883e+07	(delta): 887528
3 (QN/Block) 	Elapsed: 8.002	Loglikelihood: -3.99313e+07	(delta): 557014
4 (QN/Block) 	Elapsed: 8.442	Loglikelihood: -3.95825e+07	(delta): 348800
5 (QN/Block) 	Elapsed: 9.338	Loglikelihood: -3.95065e+07	(delta): 75982.2
6 (QN/Block) 	Elapsed: 8.455	Loglikelihood: -3.94826e+07	(delta): 23946.9
7 (QN/Block) 	Elapsed: 8.461	Loglikelihood: -3.94758e+07	(delta): 6823.77
8 (QN/Block) 	Elapsed: 8.459	Loglikelihood: -3.94737e+07	(delta): 2059.62
9 (QN/Block) 	Elapsed: 8.019	Loglikelihood: -3.94734e+07	(delta): 355.004
10 (QN/Block) 	Elapsed: 8.023	Loglikelihood: -3.94733e+07	(delta): 28.0917
11 (QN/Block) 	Elapsed: 8.024	Loglikelihood: -3.94733e+07	(delta): 6.97818
12 (QN/Block) 	Elapsed: 8.03	Loglikelihood: -3.94733e+07	(delta): 1.27413
13 (QN/Block) 	Elapsed: 8.913	Loglikelihood: -3.94733e+07	(delta): 5.36519
14 (QN/Block) 	Elapsed: 8.027	Loglikelihood: -3.94733e+07	(delta): 0.256034
15 (QN/Block) 	Elapsed: 8.028	Loglikelihood: -3.94733e+07	(delta): 0.337402
16 (QN/Block) 	Elapsed: 8.019	Loglikelihood: -3.94733e+07	(delta): 0.351101
17 (QN/Block) 	Elapsed: 8.019	Loglikelihood: -3.94733e+07	(delta): 0.172545
18 (QN/Block) 	Elapsed: 8.017	Loglikelihood: -3.94733e+07	(delta): 0.960652
19 (QN/Block) 	Elapsed: 8.026	Loglikelihood: -3.94733e+07	(delta): 0.2215
20 (QN/Block) 	Elapsed: 8.014	Loglikelihood: -3.94733e+07	(delta): 0.0453903
21 (QN/Block) 	Elapsed: 8.015	Loglikelihood: -3.94733e+07	(delta): 0.776528
22 (QN/Block) 	Elapsed: 9.35	Loglikelihood: -3.94733e+07	(delta): 1.11537
23 (QN/Block) 	Elapsed: 9.349	Loglikelihood: -3.94733e+07	(delta): 0.119466
24 (QN/Block) 	Elapsed: 8.904	Loglikelihood: -3.94733e+07	(delta): 0.0103218
25 (QN/Block) 	Elapsed: 8.032	Loglikelihood: -3.94733e+07	(delta): 0.000951365
26 (QN/Block) 	Elapsed: 8.015	Loglikelihood: -3.94733e+07	(delta): 7.15852e-05
Summary: 
Converged in 26 iterations (243.121 sec)
Loglikelihood: -39473313.555571
Fst divergences between estimated populations: 
	Pop0	Pop1	
Pop0	
Pop1	0.113	
Pop2	0.152	0.188	
CV error (K=3): 0.43727
Writing output files.
