****                   ADMIXTURE Version 1.21                   *****
****                    Copyright 2008-2011                     *****
****          David Alexander, John  Novembre, Ken Lange        *****
****                   Please cite our paper!                   *****
****   Information at www.genetics.ucla.edu/software/admixture  *****

Cross-validation will be performed.  Folds=5.
Random seed: 43
Point estimation method: Block relaxation algorithm
Convergence acceleration algorithm: QuasiNewton, 3 secant conditions
Point estimation will terminate when objective function delta < 0.0001
Estimation of standard errors disabled; will compute point estimates only.
Size of G: 2504x19998
Performing five EM steps to prime main algorithm
1 (EM) 	Elapsed: 6.301	Loglikelihood: -4.51031e+07	(delta): 3.00321e+07
2 (EM) 	Elapsed: 6.298	Loglikelihood: -4.37939e+07	(delta): 1.3092e+06
3 (EM) 	Elapsed: 6.297	Loglikelihood: -4.3511e+07	(delta): 282879
4 (EM) 	Elapsed: 6.298	Loglikelihood: -4.33451e+07	(delta): 165862
5 (EM) 	Elapsed: 6.296	Loglikelihood: -4.32228e+07	(delta): 122373
Initial loglikelihood: -4.32228e+07
Starting main algorithm
1 (QN/Block) 	Elapsed: 14.529	Loglikelihood: -4.03699e+07	(delta): 2.8529e+06
2 (QN/Block) 	Elapsed: 14.529	Loglikelihood: -3.97084e+07	(delta): 661425
3 (QN/Block) 	Elapsed: 15.742	Loglikelihood: -3.93506e+07	(delta): 357898
4 (QN/Block) 	Elapsed: 16.817	Loglikelihood: -3.92247e+07	(delta): 125811
5 (QN/Block) 	Elapsed: 16.216	Loglikelihood: -3.91422e+07	(delta): 82547.5
6 (QN/Block) 	Elapsed: 15.619	Loglikelihood: -3.91018e+07	(delta): 40420.1
7 (QN/Block) 	Elapsed: 16.215	Loglikelihood: -3.90728e+07	(delta): 28954.5
8 (QN/Block) 	Elapsed: 16.211	Loglikelihood: -3.90414e+07	(delta): 31460.2
9 (QN/Block) 	Elapsed: 16.822	Loglikelihood: -3.90258e+07	(delta): 15576.9
10 (QN/Block) 	Elapsed: 15.608	Loglikelihood: -3.90147e+07	(delta): 11071.8
11 (QN/Block) 	Elapsed: 16.228	Loglikelihood: -3.9006e+07	(delta): 8668.77
12 (QN/Block) 	Elapsed: 17.416	Loglikelihood: -3.90015e+07	(delta): 4524.61
13 (QN/Block) 	Elapsed: 17.424	Loglikelihood: -3.89993e+07	(delta): 2199.39
14 (QN/Block) 	Elapsed: 15.609	Loglikelihood: -3.89963e+07	(delta): 2972.87
15 (QN/Block) 	Elapsed: 16.211	Loglikelihood: -3.8994e+07	(delta): 2295.19
16 (QN/Block) 	Elapsed: 16.217	Loglikelihood: -3.8993e+07	(delta): 1012.57
17 (QN/Block) 	Elapsed: 17.418	Loglikelihood: -3.89924e+07	(delta): 670.365
18 (QN/Block) 	Elapsed: 16.212	Loglikelihood: -3.89921e+07	(delta): 262.35
19 (QN/Block) 	Elapsed: 16.813	Loglikelihood: -3.8992e+07	(delta): 77.7506
20 (QN/Block) 	Elapsed: 16.22	Loglikelihood: -3.8992e+07	(delta): 14.0583
21 (QN/Block) 	Elapsed: 16.814	Loglikelihood: -3.8992e+07	(delta): 27.6475
22 (QN/Block) 	Elapsed: 16.211	Loglikelihood: -3.8992e+07	(delta): 6.67015
23 (QN/Block) 	Elapsed: 15.617	Loglikelihood: -3.8992e+07	(delta): 9.7234
24 (QN/Block) 	Elapsed: 16.25	Loglikelihood: -3.8992e+07	(delta): 3.82747
25 (QN/Block) 	Elapsed: 15.612	Loglikelihood: -3.8992e+07	(delta): 1.91102
26 (QN/Block) 	Elapsed: 16.212	Loglikelihood: -3.8992e+07	(delta): 0.88356
27 (QN/Block) 	Elapsed: 16.22	Loglikelihood: -3.8992e+07	(delta): 0.621608
28 (QN/Block) 	Elapsed: 16.211	Loglikelihood: -3.8992e+07	(delta): 0.56675
29 (QN/Block) 	Elapsed: 15.608	Loglikelihood: -3.8992e+07	(delta): 0.367097
30 (QN/Block) 	Elapsed: 16.215	Loglikelihood: -3.8992e+07	(delta): 0.309279
31 (QN/Block) 	Elapsed: 15.629	Loglikelihood: -3.8992e+07	(delta): 0.0746803
32 (QN/Block) 	Elapsed: 15.606	Loglikelihood: -3.8992e+07	(delta): 0.0635477
33 (QN/Block) 	Elapsed: 15.608	Loglikelihood: -3.8992e+07	(delta): 0.0106801
34 (QN/Block) 	Elapsed: 15.617	Loglikelihood: -3.8992e+07	(delta): 0.00410182
35 (QN/Block) 	Elapsed: 15.611	Loglikelihood: -3.8992e+07	(delta): 7.87675e-05
Summary: 
Converged in 35 iterations (620.516 sec)
Loglikelihood: -38991957.794307
Fst divergences between estimated populations: 
	Pop0	Pop1	Pop2	Pop3	Pop4	
Pop0	
Pop1	0.198	
Pop2	0.245	0.116	
Pop3	0.018	0.197	0.244	
Pop4	0.166	0.121	0.149	0.166	
Pop5	0.150	0.079	0.126	0.149	0.051	
CV error (K=6): 0.42901
Writing output files.
