****                   ADMIXTURE Version 1.21                   *****
****                    Copyright 2008-2011                     *****
****          David Alexander, John  Novembre, Ken Lange        *****
****                   Please cite our paper!                   *****
****   Information at www.genetics.ucla.edu/software/admixture  *****

Cross-validation will be performed.  Folds=5.
Random seed: 43
Point estimation method: Block relaxation algorithm
Convergence acceleration algorithm: QuasiNewton, 3 secant conditions
Point estimation will terminate when objective function delta < 0.0001
Estimation of standard errors disabled; will compute point estimates only.
Size of G: 2504x19998
Performing five EM steps to prime main algorithm
1 (EM) 	Elapsed: 10.002	Loglikelihood: -4.49971e+07	(delta): 2.86244e+07
2 (EM) 	Elapsed: 9.997	Loglikelihood: -4.37018e+07	(delta): 1.29528e+06
3 (EM) 	Elapsed: 10.062	Loglikelihood: -4.34648e+07	(delta): 237054
4 (EM) 	Elapsed: 9.98	Loglikelihood: -4.3333e+07	(delta): 131765
5 (EM) 	Elapsed: 9.977	Loglikelihood: -4.32334e+07	(delta): 99589
Initial loglikelihood: -4.32334e+07
Starting main algorithm
1 (QN/Block) 	Elapsed: 22.266	Loglikelihood: -4.02661e+07	(delta): 2.9673e+06
2 (QN/Block) 	Elapsed: 21.911	Loglikelihood: -3.94734e+07	(delta): 792763
3 (QN/Block) 	Elapsed: 23.349	Loglikelihood: -3.91014e+07	(delta): 371972
4 (QN/Block) 	Elapsed: 24.147	Loglikelihood: -3.89847e+07	(delta): 116694
5 (QN/Block) 	Elapsed: 23.474	Loglikelihood: -3.89682e+07	(delta): 16512.2
6 (QN/Block) 	Elapsed: 23.508	Loglikelihood: -3.8959e+07	(delta): 9170.29
7 (QN/Block) 	Elapsed: 23.349	Loglikelihood: -3.89509e+07	(delta): 8149.81
8 (QN/Block) 	Elapsed: 24.051	Loglikelihood: -3.89448e+07	(delta): 6042.29
9 (QN/Block) 	Elapsed: 25.556	Loglikelihood: -3.89402e+07	(delta): 4619.61
10 (QN/Block) 	Elapsed: 25.552	Loglikelihood: -3.89351e+07	(delta): 5135.48
11 (QN/Block) 	Elapsed: 24.069	Loglikelihood: -3.8931e+07	(delta): 4094.53
12 (QN/Block) 	Elapsed: 25.527	Loglikelihood: -3.89286e+07	(delta): 2384.43
13 (QN/Block) 	Elapsed: 23.325	Loglikelihood: -3.89257e+07	(delta): 2931.17
14 (QN/Block) 	Elapsed: 23.323	Loglikelihood: -3.89241e+07	(delta): 1505.95
15 (QN/Block) 	Elapsed: 24.044	Loglikelihood: -3.89233e+07	(delta): 801.129
16 (QN/Block) 	Elapsed: 23.331	Loglikelihood: -3.89228e+07	(delta): 557.918
17 (QN/Block) 	Elapsed: 25.523	Loglikelihood: -3.89214e+07	(delta): 1343.59
18 (QN/Block) 	Elapsed: 25.5	Loglikelihood: -3.89207e+07	(delta): 767.997
19 (QN/Block) 	Elapsed: 25.505	Loglikelihood: -3.89197e+07	(delta): 1023.1
20 (QN/Block) 	Elapsed: 23.498	Loglikelihood: -3.8919e+07	(delta): 657.206
21 (QN/Block) 	Elapsed: 24.811	Loglikelihood: -3.89183e+07	(delta): 661.649
22 (QN/Block) 	Elapsed: 25.501	Loglikelihood: -3.89178e+07	(delta): 567.283
23 (QN/Block) 	Elapsed: 25.511	Loglikelihood: -3.89176e+07	(delta): 147.584
24 (QN/Block) 	Elapsed: 24.053	Loglikelihood: -3.89173e+07	(delta): 337.885
25 (QN/Block) 	Elapsed: 24.796	Loglikelihood: -3.89169e+07	(delta): 395.978
26 (QN/Block) 	Elapsed: 25.506	Loglikelihood: -3.89167e+07	(delta): 142.614
27 (QN/Block) 	Elapsed: 23.328	Loglikelihood: -3.89166e+07	(delta): 100.855
28 (QN/Block) 	Elapsed: 23.337	Loglikelihood: -3.89165e+07	(delta): 109.259
29 (QN/Block) 	Elapsed: 23.335	Loglikelihood: -3.89165e+07	(delta): 40.1634
30 (QN/Block) 	Elapsed: 24.076	Loglikelihood: -3.89165e+07	(delta): 21.1724
31 (QN/Block) 	Elapsed: 23.337	Loglikelihood: -3.89165e+07	(delta): 11.1605
32 (QN/Block) 	Elapsed: 23.33	Loglikelihood: -3.89164e+07	(delta): 12.8695
33 (QN/Block) 	Elapsed: 23.339	Loglikelihood: -3.89164e+07	(delta): 15.0686
34 (QN/Block) 	Elapsed: 23.327	Loglikelihood: -3.89164e+07	(delta): 9.43342
35 (QN/Block) 	Elapsed: 23.329	Loglikelihood: -3.89164e+07	(delta): 7.1437
36 (QN/Block) 	Elapsed: 23.33	Loglikelihood: -3.89164e+07	(delta): 5.97082
37 (QN/Block) 	Elapsed: 23.333	Loglikelihood: -3.89164e+07	(delta): 11.3393
38 (QN/Block) 	Elapsed: 24.054	Loglikelihood: -3.89164e+07	(delta): 4.32649
39 (QN/Block) 	Elapsed: 23.324	Loglikelihood: -3.89164e+07	(delta): 1.6762
40 (QN/Block) 	Elapsed: 23.324	Loglikelihood: -3.89164e+07	(delta): 0.85886
41 (QN/Block) 	Elapsed: 23.314	Loglikelihood: -3.89164e+07	(delta): 0.905128
42 (QN/Block) 	Elapsed: 23.311	Loglikelihood: -3.89164e+07	(delta): 0.211723
43 (QN/Block) 	Elapsed: 24.78	Loglikelihood: -3.89164e+07	(delta): 0.04829
44 (QN/Block) 	Elapsed: 23.323	Loglikelihood: -3.89164e+07	(delta): 0.0108168
45 (QN/Block) 	Elapsed: 23.334	Loglikelihood: -3.89164e+07	(delta): 0.00404578
46 (QN/Block) 	Elapsed: 23.322	Loglikelihood: -3.89164e+07	(delta): 0.0042703
47 (QN/Block) 	Elapsed: 23.332	Loglikelihood: -3.89164e+07	(delta): 0.000476897
48 (QN/Block) 	Elapsed: 23.328	Loglikelihood: -3.89164e+07	(delta): 0.000130452
49 (QN/Block) 	Elapsed: 23.334	Loglikelihood: -3.89164e+07	(delta): 1.68309e-05
Summary: 
Converged in 49 iterations (1262.17 sec)
Loglikelihood: -38916392.027985
Fst divergences between estimated populations: 
	Pop0	Pop1	Pop2	Pop3	Pop4	Pop5	Pop6	
Pop0	
Pop1	0.165	
Pop2	0.156	0.245	
Pop3	0.132	0.202	0.125	
Pop4	0.022	0.177	0.145	0.126	
Pop5	0.166	0.018	0.245	0.202	0.178	
Pop6	0.130	0.202	0.115	0.024	0.123	0.202	
Pop7	0.055	0.150	0.128	0.086	0.058	0.151	0.086	
CV error (K=8): 0.42834
Writing output files.
